TN:
SF:/Users/zhouhan/Documents/personal/hapi/hapi-starter-kit/plugins.js
FNF:0
FNH:0
DA:6,1
DA:7,1
DA:8,1
DA:9,1
DA:10,1
DA:15,1
DA:17,1
DA:23,1
DA:25,1
DA:28,0
DA:42,0
DA:54,1
LF:12
LH:10
BRDA:25,0,0,0
BRDA:25,0,1,1
BRF:2
BRH:1
end_of_record
TN:
SF:/Users/zhouhan/Documents/personal/hapi/hapi-starter-kit/routes.js
FN:11,(anonymous_0)
FN:21,(anonymous_1)
FNF:2
FNH:1
FNDA:0,(anonymous_0)
FNDA:1,(anonymous_1)
DA:3,1
DA:4,1
DA:5,1
DA:8,1
DA:12,0
DA:21,1
DA:22,1
DA:26,1
LF:8
LH:7
BRF:0
BRH:0
end_of_record
TN:
SF:/Users/zhouhan/Documents/personal/hapi/hapi-starter-kit/server.js
FN:20,(anonymous_0)
FNF:1
FNH:1
FNDA:1,(anonymous_0)
DA:3,1
DA:4,1
DA:6,1
DA:7,1
DA:8,1
DA:10,1
DA:12,1
DA:17,1
DA:20,1
DA:21,1
DA:22,1
DA:24,0
DA:25,0
DA:29,1
DA:32,1
LF:15
LH:13
BRF:0
BRH:0
end_of_record
TN:
SF:/Users/zhouhan/Documents/personal/hapi/hapi-starter-kit/server/utils/logger.js
FNF:0
FNH:0
DA:1,1
DA:2,1
DA:5,1
DA:11,1
LF:4
LH:4
BRF:0
BRH:0
end_of_record
TN:
SF:/Users/zhouhan/Documents/personal/hapi/hapi-starter-kit/server/weather/weatherCtrl.js
FN:5,(anonymous_0)
FNF:1
FNH:1
FNDA:2,(anonymous_0)
DA:3,1
DA:5,1
DA:6,2
DA:9,1
LF:4
LH:4
BRF:0
BRH:0
end_of_record
TN:
SF:/Users/zhouhan/Documents/personal/hapi/hapi-starter-kit/server/weather/weatherHandler.js
FN:9,(anonymous_0)
FNF:1
FNH:1
FNDA:2,(anonymous_0)
DA:3,1
DA:4,1
DA:6,1
DA:7,1
DA:9,1
DA:10,2
DA:12,2
DA:13,2
DA:14,1
DA:20,1
DA:21,1
DA:22,1
DA:26,1
LF:13
LH:13
BRDA:21,0,0,1
BRDA:21,0,1,1
BRF:2
BRH:2
end_of_record
TN:
SF:/Users/zhouhan/Documents/personal/hapi/hapi-starter-kit/server/weather/weatherRoutes.js
FNF:0
FNH:0
DA:3,1
DA:5,1
DA:6,1
DA:8,1
DA:10,1
DA:13,1
DA:23,1
LF:7
LH:7
BRF:0
BRH:0
end_of_record
TN:
SF:/Users/zhouhan/Documents/personal/hapi/hapi-starter-kit/server/weather/weatherService.js
FN:7,(anonymous_0)
FNF:1
FNH:1
FNDA:2,(anonymous_0)
DA:3,1
DA:4,1
DA:5,1
DA:7,1
DA:8,2
DA:17,2
DA:18,2
DA:19,1
DA:21,1
DA:22,1
DA:23,1
DA:27,1
LF:12
LH:12
BRF:0
BRH:0
end_of_record
TN:
SF:/Users/zhouhan/Documents/personal/hapi/hapi-starter-kit/server/weather/weatherValidations.js
FNF:0
FNH:0
DA:3,1
DA:5,1
DA:18,1
LF:3
LH:3
BRF:0
BRH:0
end_of_record
